<?xml version="1.0" encoding="UTF-8"?>
<testsuite name="SolutionTest" tests="2" skipped="0" failures="0" errors="0" timestamp="2022-06-21T04:53:43" hostname="yuanyu-ubuntu" time="0.029">
  <properties/>
  <testcase name="validTreeExample1()" classname="SolutionTest" time="0.026"/>
  <testcase name="validTreeExample2()" classname="SolutionTest" time="0.002"/>
  <system-out><![CDATA[]]></system-out>
  <system-err><![CDATA[]]></system-err>
</testsuite>
